assignment.html     http://outreach.vlabs.ac.in/
feedback.html     http://outreach.vlabs.ac.in/
index.html     http://outreach.vlabs.ac.in/
objective.html     http://outreach.vlabs.ac.in/
performance-report.html     http://vlab.co.in
procedure.html     http://outreach.vlabs.ac.in/
references.html     http://outreach.vlabs.ac.in/
theory.html     http://outreach.vlabs.ac.in/
validator-report.html     http://vlab.co.in
simulation/content.html     http://www.sakshat.ac.in/
simulation/content.html     http://outreach.vlabs.ac.in/
simulation/content.html     http://vlab.co.in/faq
simulation/default.html     http://en.wikipedia.org/wiki/
                Simple_harmonic_motion
simulation/default.html     http://www.physics.uoguelph.ca/
                tutorials/shm/Q.shm.html
simulation/default.html     http://surendranath.tripod.com/Applets/
                Oscillations/SHM/SHMApplet.html
simulation/default.html     http://www.sakshat.ac.in/
simulation/default.html     http://outreach.vlabs.ac.in/
simulation/default.html     http://vlab.co.in/faq
